C:\xampp\htdocs\pssk2025\.htaccess
C:\xampp\htdocs\pssk2025\composer.json
C:\xampp\htdocs\pssk2025\controllers\AnnexController.php
C:\xampp\htdocs\pssk2025\controllers\AnnouncementController.php
C:\xampp\htdocs\pssk2025\controllers\ApiController.php
C:\xampp\htdocs\pssk2025\controllers\BeasiswaController.php
C:\xampp\htdocs\pssk2025\controllers\BreadcrumblinksaddspController.php
C:\xampp\htdocs\pssk2025\controllers\BreadcrumblinkscheckspController.php
C:\xampp\htdocs\pssk2025\controllers\BreadcrumblinksdeletespController.php
C:\xampp\htdocs\pssk2025\controllers\BreadcrumblinksmovespController.php
C:\xampp\htdocs\pssk2025\controllers\ControllerBase.php
C:\xampp\htdocs\pssk2025\controllers\CutiAkademikController.php
C:\xampp\htdocs\pssk2025\controllers\DaftarMatakuliahController.php
C:\xampp\htdocs\pssk2025\controllers\Dashboard2Controller.php
C:\xampp\htdocs\pssk2025\controllers\DetilMataKuliahController.php
C:\xampp\htdocs\pssk2025\controllers\DetilSemesterAntaraController.php
C:\xampp\htdocs\pssk2025\controllers\DetilUjianTahapBersamaController.php
C:\xampp\htdocs\pssk2025\controllers\DosenController.php
C:\xampp\htdocs\pssk2025\controllers\HelpCategoriesController.php
C:\xampp\htdocs\pssk2025\controllers\HelpController.php
C:\xampp\htdocs\pssk2025\controllers\HomeController.php
C:\xampp\htdocs\pssk2025\controllers\KaryaIlmiahController.php
C:\xampp\htdocs\pssk2025\controllers\KemahasiswaanController.php
C:\xampp\htdocs\pssk2025\controllers\KesehatanMahasiswaController.php
C:\xampp\htdocs\pssk2025\controllers\LanguagesController.php
C:\xampp\htdocs\pssk2025\controllers\LoadaboutusController.php
C:\xampp\htdocs\pssk2025\controllers\LoadhelponlineController.php
C:\xampp\htdocs\pssk2025\controllers\LoadtermsconditionsController.php
C:\xampp\htdocs\pssk2025\controllers\MahasiswaController.php
C:\xampp\htdocs\pssk2025\controllers\MataKuliahController.php
C:\xampp\htdocs\pssk2025\controllers\OthersController.php
C:\xampp\htdocs\pssk2025\controllers\PembimbinganController.php
C:\xampp\htdocs\pssk2025\controllers\PenyakitController.php
C:\xampp\htdocs\pssk2025\controllers\PrinttermsconditionsController.php
C:\xampp\htdocs\pssk2025\controllers\SemesterAntaraController.php
C:\xampp\htdocs\pssk2025\controllers\SettingsController.php
C:\xampp\htdocs\pssk2025\controllers\TahunAkademikController.php
C:\xampp\htdocs\pssk2025\controllers\TheuserprofileController.php
C:\xampp\htdocs\pssk2025\controllers\UjianTahapBersamaController.php
C:\xampp\htdocs\pssk2025\controllers\UserlevelpermissionsController.php
C:\xampp\htdocs\pssk2025\controllers\UserlevelsController.php
C:\xampp\htdocs\pssk2025\controllers\UsersController.php
C:\xampp\htdocs\pssk2025\css\ewpdf.scss
C:\xampp\htdocs\pssk2025\css\jquery.overlayScrollbars.css
C:\xampp\htdocs\pssk2025\css\pssk2025.scss
C:\xampp\htdocs\pssk2025\css\query-builder.scss
C:\xampp\htdocs\pssk2025\css\tabulator_bootstrap5.scss
C:\xampp\htdocs\pssk2025\css\tempus-dominus.scss
C:\xampp\htdocs\pssk2025\files\index.html
C:\xampp\htdocs\pssk2025\index.php
C:\xampp\htdocs\pssk2025\jquery\jquery.inputmask.js
C:\xampp\htdocs\pssk2025\jquery\jquery.inputmask.min.js
C:\xampp\htdocs\pssk2025\jquery\jquery.jtable.js
C:\xampp\htdocs\pssk2025\jquery\jquery.jtable.min.js
C:\xampp\htdocs\pssk2025\jquery\jquery.overlayScrollbars.js
C:\xampp\htdocs\pssk2025\jquery\jquery.overlayScrollbars.min.js
C:\xampp\htdocs\pssk2025\jquery\msjqueryinputmask.js
C:\xampp\htdocs\pssk2025\js\eweditor.js
C:\xampp\htdocs\pssk2025\js\ewfixedheadertable.js
C:\xampp\htdocs\pssk2025\js\masinoew.js
C:\xampp\htdocs\pssk2025\js\masinoewcore.js
C:\xampp\htdocs\pssk2025\js\userevent.js
C:\xampp\htdocs\pssk2025\js\userfn.js
C:\xampp\htdocs\pssk2025\js\userprivmod.js
C:\xampp\htdocs\pssk2025\js\userprivori.js
C:\xampp\htdocs\pssk2025\log\index.html
C:\xampp\htdocs\pssk2025\models\Annex.php
C:\xampp\htdocs\pssk2025\models\AnnexAdd.php
C:\xampp\htdocs\pssk2025\models\AnnexDelete.php
C:\xampp\htdocs\pssk2025\models\AnnexEdit.php
C:\xampp\htdocs\pssk2025\models\AnnexList.php
C:\xampp\htdocs\pssk2025\models\AnnexView.php
C:\xampp\htdocs\pssk2025\models\Announcement.php
C:\xampp\htdocs\pssk2025\models\AnnouncementAdd.php
C:\xampp\htdocs\pssk2025\models\AnnouncementDelete.php
C:\xampp\htdocs\pssk2025\models\AnnouncementEdit.php
C:\xampp\htdocs\pssk2025\models\AnnouncementList.php
C:\xampp\htdocs\pssk2025\models\AnnouncementView.php
C:\xampp\htdocs\pssk2025\models\Beasiswa.php
C:\xampp\htdocs\pssk2025\models\BeasiswaAdd.php
C:\xampp\htdocs\pssk2025\models\BeasiswaDelete.php
C:\xampp\htdocs\pssk2025\models\BeasiswaEdit.php
C:\xampp\htdocs\pssk2025\models\BeasiswaList.php
C:\xampp\htdocs\pssk2025\models\BeasiswaView.php
C:\xampp\htdocs\pssk2025\models\Breadcrumblinksaddsp.php
C:\xampp\htdocs\pssk2025\models\Breadcrumblinkschecksp.php
C:\xampp\htdocs\pssk2025\models\Breadcrumblinksdeletesp.php
C:\xampp\htdocs\pssk2025\models\Breadcrumblinksmovesp.php
C:\xampp\htdocs\pssk2025\models\Captcha.php
C:\xampp\htdocs\pssk2025\models\ChangePassword.php
C:\xampp\htdocs\pssk2025\models\CutiAkademik.php
C:\xampp\htdocs\pssk2025\models\CutiAkademikAdd.php
C:\xampp\htdocs\pssk2025\models\CutiAkademikDelete.php
C:\xampp\htdocs\pssk2025\models\CutiAkademikEdit.php
C:\xampp\htdocs\pssk2025\models\CutiAkademikList.php
C:\xampp\htdocs\pssk2025\models\CutiAkademikView.php
C:\xampp\htdocs\pssk2025\models\DaftarMatakuliah.php
C:\xampp\htdocs\pssk2025\models\DaftarMatakuliahAdd.php
C:\xampp\htdocs\pssk2025\models\DaftarMatakuliahDelete.php
C:\xampp\htdocs\pssk2025\models\DaftarMatakuliahEdit.php
C:\xampp\htdocs\pssk2025\models\DaftarMatakuliahList.php
C:\xampp\htdocs\pssk2025\models\DaftarMatakuliahView.php
C:\xampp\htdocs\pssk2025\models\Dashboard2.php
C:\xampp\htdocs\pssk2025\models\DetilMataKuliah.php
C:\xampp\htdocs\pssk2025\models\DetilMataKuliahAdd.php
C:\xampp\htdocs\pssk2025\models\DetilMataKuliahDelete.php
C:\xampp\htdocs\pssk2025\models\DetilMataKuliahEdit.php
C:\xampp\htdocs\pssk2025\models\DetilMataKuliahGrid.php
C:\xampp\htdocs\pssk2025\models\DetilMataKuliahList.php
C:\xampp\htdocs\pssk2025\models\DetilMataKuliahPreview.php
C:\xampp\htdocs\pssk2025\models\DetilMataKuliahView.php
C:\xampp\htdocs\pssk2025\models\DetilSemesterAntara.php
C:\xampp\htdocs\pssk2025\models\DetilSemesterAntaraAdd.php
C:\xampp\htdocs\pssk2025\models\DetilSemesterAntaraDelete.php
C:\xampp\htdocs\pssk2025\models\DetilSemesterAntaraEdit.php
C:\xampp\htdocs\pssk2025\models\DetilSemesterAntaraGrid.php
C:\xampp\htdocs\pssk2025\models\DetilSemesterAntaraList.php
C:\xampp\htdocs\pssk2025\models\DetilSemesterAntaraPreview.php
C:\xampp\htdocs\pssk2025\models\DetilSemesterAntaraView.php
C:\xampp\htdocs\pssk2025\models\DetilUjianTahapBersama.php
C:\xampp\htdocs\pssk2025\models\DetilUjianTahapBersamaAdd.php
C:\xampp\htdocs\pssk2025\models\DetilUjianTahapBersamaDelete.php
C:\xampp\htdocs\pssk2025\models\DetilUjianTahapBersamaEdit.php
C:\xampp\htdocs\pssk2025\models\DetilUjianTahapBersamaGrid.php
C:\xampp\htdocs\pssk2025\models\DetilUjianTahapBersamaList.php
C:\xampp\htdocs\pssk2025\models\DetilUjianTahapBersamaPreview.php
C:\xampp\htdocs\pssk2025\models\DetilUjianTahapBersamaView.php
C:\xampp\htdocs\pssk2025\models\Dosen.php
C:\xampp\htdocs\pssk2025\models\DosenAdd.php
C:\xampp\htdocs\pssk2025\models\DosenDelete.php
C:\xampp\htdocs\pssk2025\models\DosenEdit.php
C:\xampp\htdocs\pssk2025\models\DosenList.php
C:\xampp\htdocs\pssk2025\models\DosenView.php
C:\xampp\htdocs\pssk2025\models\Help.php
C:\xampp\htdocs\pssk2025\models\HelpAdd.php
C:\xampp\htdocs\pssk2025\models\HelpCategories.php
C:\xampp\htdocs\pssk2025\models\HelpCategoriesAdd.php
C:\xampp\htdocs\pssk2025\models\HelpCategoriesDelete.php
C:\xampp\htdocs\pssk2025\models\HelpCategoriesEdit.php
C:\xampp\htdocs\pssk2025\models\HelpCategoriesList.php
C:\xampp\htdocs\pssk2025\models\HelpCategoriesView.php
C:\xampp\htdocs\pssk2025\models\HelpDelete.php
C:\xampp\htdocs\pssk2025\models\HelpEdit.php
C:\xampp\htdocs\pssk2025\models\HelpGrid.php
C:\xampp\htdocs\pssk2025\models\HelpList.php
C:\xampp\htdocs\pssk2025\models\HelpPreview.php
C:\xampp\htdocs\pssk2025\models\HelpView.php
C:\xampp\htdocs\pssk2025\models\Home.php
C:\xampp\htdocs\pssk2025\models\KaryaIlmiah.php
C:\xampp\htdocs\pssk2025\models\KaryaIlmiahAdd.php
C:\xampp\htdocs\pssk2025\models\KaryaIlmiahDelete.php
C:\xampp\htdocs\pssk2025\models\KaryaIlmiahEdit.php
C:\xampp\htdocs\pssk2025\models\KaryaIlmiahList.php
C:\xampp\htdocs\pssk2025\models\KaryaIlmiahView.php
C:\xampp\htdocs\pssk2025\models\Kemahasiswaan.php
C:\xampp\htdocs\pssk2025\models\KemahasiswaanAdd.php
C:\xampp\htdocs\pssk2025\models\KemahasiswaanDelete.php
C:\xampp\htdocs\pssk2025\models\KemahasiswaanEdit.php
C:\xampp\htdocs\pssk2025\models\KemahasiswaanList.php
C:\xampp\htdocs\pssk2025\models\KemahasiswaanView.php
C:\xampp\htdocs\pssk2025\models\KesehatanMahasiswa.php
C:\xampp\htdocs\pssk2025\models\KesehatanMahasiswaAdd.php
C:\xampp\htdocs\pssk2025\models\KesehatanMahasiswaDelete.php
C:\xampp\htdocs\pssk2025\models\KesehatanMahasiswaEdit.php
C:\xampp\htdocs\pssk2025\models\KesehatanMahasiswaList.php
C:\xampp\htdocs\pssk2025\models\KesehatanMahasiswaView.php
C:\xampp\htdocs\pssk2025\models\Languages.php
C:\xampp\htdocs\pssk2025\models\LanguagesAdd.php
C:\xampp\htdocs\pssk2025\models\LanguagesDelete.php
C:\xampp\htdocs\pssk2025\models\LanguagesEdit.php
C:\xampp\htdocs\pssk2025\models\LanguagesList.php
C:\xampp\htdocs\pssk2025\models\LanguagesView.php
C:\xampp\htdocs\pssk2025\models\Loadaboutus.php
C:\xampp\htdocs\pssk2025\models\Loadhelponline.php
C:\xampp\htdocs\pssk2025\models\Loadtermsconditions.php
C:\xampp\htdocs\pssk2025\models\Login.php
C:\xampp\htdocs\pssk2025\models\Mahasiswa.php
C:\xampp\htdocs\pssk2025\models\MahasiswaAdd.php
C:\xampp\htdocs\pssk2025\models\MahasiswaDelete.php
C:\xampp\htdocs\pssk2025\models\MahasiswaEdit.php
C:\xampp\htdocs\pssk2025\models\MahasiswaList.php
C:\xampp\htdocs\pssk2025\models\MahasiswaView.php
C:\xampp\htdocs\pssk2025\models\MataKuliah.php
C:\xampp\htdocs\pssk2025\models\MataKuliahAdd.php
C:\xampp\htdocs\pssk2025\models\MataKuliahDelete.php
C:\xampp\htdocs\pssk2025\models\MataKuliahEdit.php
C:\xampp\htdocs\pssk2025\models\MataKuliahList.php
C:\xampp\htdocs\pssk2025\models\MataKuliahView.php
C:\xampp\htdocs\pssk2025\models\Pembimbingan.php
C:\xampp\htdocs\pssk2025\models\PembimbinganAdd.php
C:\xampp\htdocs\pssk2025\models\PembimbinganDelete.php
C:\xampp\htdocs\pssk2025\models\PembimbinganEdit.php
C:\xampp\htdocs\pssk2025\models\PembimbinganList.php
C:\xampp\htdocs\pssk2025\models\PembimbinganView.php
C:\xampp\htdocs\pssk2025\models\Penyakit.php
C:\xampp\htdocs\pssk2025\models\PenyakitAdd.php
C:\xampp\htdocs\pssk2025\models\PenyakitDelete.php
C:\xampp\htdocs\pssk2025\models\PenyakitEdit.php
C:\xampp\htdocs\pssk2025\models\PenyakitList.php
C:\xampp\htdocs\pssk2025\models\PenyakitView.php
C:\xampp\htdocs\pssk2025\models\PersonalData.php
C:\xampp\htdocs\pssk2025\models\Printtermsconditions.php
C:\xampp\htdocs\pssk2025\models\ResetPassword.php
C:\xampp\htdocs\pssk2025\models\SemesterAntara.php
C:\xampp\htdocs\pssk2025\models\SemesterAntaraAdd.php
C:\xampp\htdocs\pssk2025\models\SemesterAntaraDelete.php
C:\xampp\htdocs\pssk2025\models\SemesterAntaraEdit.php
C:\xampp\htdocs\pssk2025\models\SemesterAntaraList.php
C:\xampp\htdocs\pssk2025\models\SemesterAntaraView.php
C:\xampp\htdocs\pssk2025\models\Settings.php
C:\xampp\htdocs\pssk2025\models\SettingsAdd.php
C:\xampp\htdocs\pssk2025\models\SettingsDelete.php
C:\xampp\htdocs\pssk2025\models\SettingsEdit.php
C:\xampp\htdocs\pssk2025\models\SettingsList.php
C:\xampp\htdocs\pssk2025\models\SettingsView.php
C:\xampp\htdocs\pssk2025\models\TahunAkademik.php
C:\xampp\htdocs\pssk2025\models\TahunAkademikAdd.php
C:\xampp\htdocs\pssk2025\models\TahunAkademikDelete.php
C:\xampp\htdocs\pssk2025\models\TahunAkademikEdit.php
C:\xampp\htdocs\pssk2025\models\TahunAkademikList.php
C:\xampp\htdocs\pssk2025\models\TahunAkademikView.php
C:\xampp\htdocs\pssk2025\models\Theuserprofile.php
C:\xampp\htdocs\pssk2025\models\TheuserprofileAdd.php
C:\xampp\htdocs\pssk2025\models\TheuserprofileDelete.php
C:\xampp\htdocs\pssk2025\models\TheuserprofileEdit.php
C:\xampp\htdocs\pssk2025\models\TheuserprofileList.php
C:\xampp\htdocs\pssk2025\models\TheuserprofileSearch.php
C:\xampp\htdocs\pssk2025\models\TheuserprofileView.php
C:\xampp\htdocs\pssk2025\models\UjianTahapBersama.php
C:\xampp\htdocs\pssk2025\models\UjianTahapBersamaAdd.php
C:\xampp\htdocs\pssk2025\models\UjianTahapBersamaDelete.php
C:\xampp\htdocs\pssk2025\models\UjianTahapBersamaEdit.php
C:\xampp\htdocs\pssk2025\models\UjianTahapBersamaList.php
C:\xampp\htdocs\pssk2025\models\UjianTahapBersamaView.php
C:\xampp\htdocs\pssk2025\models\Userlevelpermissions.php
C:\xampp\htdocs\pssk2025\models\UserlevelpermissionsAdd.php
C:\xampp\htdocs\pssk2025\models\UserlevelpermissionsDelete.php
C:\xampp\htdocs\pssk2025\models\UserlevelpermissionsEdit.php
C:\xampp\htdocs\pssk2025\models\UserlevelpermissionsList.php
C:\xampp\htdocs\pssk2025\models\UserlevelpermissionsView.php
C:\xampp\htdocs\pssk2025\models\Userlevels.php
C:\xampp\htdocs\pssk2025\models\UserlevelsAdd.php
C:\xampp\htdocs\pssk2025\models\UserlevelsDelete.php
C:\xampp\htdocs\pssk2025\models\UserlevelsEdit.php
C:\xampp\htdocs\pssk2025\models\UserlevelsList.php
C:\xampp\htdocs\pssk2025\models\UserlevelsView.php
C:\xampp\htdocs\pssk2025\models\Userpriv.php
C:\xampp\htdocs\pssk2025\models\Users.php
C:\xampp\htdocs\pssk2025\models\UsersAdd.php
C:\xampp\htdocs\pssk2025\models\UsersDelete.php
C:\xampp\htdocs\pssk2025\models\UsersEdit.php
C:\xampp\htdocs\pssk2025\models\UsersGrid.php
C:\xampp\htdocs\pssk2025\models\UsersList.php
C:\xampp\htdocs\pssk2025\models\UsersPreview.php
C:\xampp\htdocs\pssk2025\models\UsersSearch.php
C:\xampp\htdocs\pssk2025\models\UsersView.php
C:\xampp\htdocs\pssk2025\package.json
C:\xampp\htdocs\pssk2025\src\AbstractCheckCredentialsListener.php
C:\xampp\htdocs\pssk2025\src\AbstractController.php
C:\xampp\htdocs\pssk2025\src\AbstractEntity.php
C:\xampp\htdocs\pssk2025\src\AbstractExport.php
C:\xampp\htdocs\pssk2025\src\AbstractExportBase.php
C:\xampp\htdocs\pssk2025\src\AbstractTwoFactorAuthentication.php
C:\xampp\htdocs\pssk2025\src\AccessTokenExtractor.php
C:\xampp\htdocs\pssk2025\src\AccessTokenHandler.php
C:\xampp\htdocs\pssk2025\src\AccessTokenUser.php
C:\xampp\htdocs\pssk2025\src\AccessTokenUserProvider.php
C:\xampp\htdocs\pssk2025\src\ActionType.php
C:\xampp\htdocs\pssk2025\src\AdvancedFilter.php
C:\xampp\htdocs\pssk2025\src\AdvancedSearch.php
C:\xampp\htdocs\pssk2025\src\AdvancedSecurity.php
C:\xampp\htdocs\pssk2025\src\AdvancedUserInterface.php
C:\xampp\htdocs\pssk2025\src\Allow.php
C:\xampp\htdocs\pssk2025\src\ApiActionEvent.php
C:\xampp\htdocs\pssk2025\src\ApiPermissionMiddleware.php
C:\xampp\htdocs\pssk2025\src\AttributeRouteControllerLoader.php
C:\xampp\htdocs\pssk2025\src\Attributes.php
C:\xampp\htdocs\pssk2025\src\AuditTrailHandler.php
C:\xampp\htdocs\pssk2025\src\AuthenticationEntryPoint.php
C:\xampp\htdocs\pssk2025\src\AuthenticationEventSubscriber.php
C:\xampp\htdocs\pssk2025\src\AuthenticationFailureHandler.php
C:\xampp\htdocs\pssk2025\src\AuthenticationMiddleware.php
C:\xampp\htdocs\pssk2025\src\AuthenticationSuccessHandler.php
C:\xampp\htdocs\pssk2025\src\BasicSearch.php
C:\xampp\htdocs\pssk2025\src\Breadcrumb.php
C:\xampp\htdocs\pssk2025\src\BytesType.php
C:\xampp\htdocs\pssk2025\src\CaptchaBase.php
C:\xampp\htdocs\pssk2025\src\CaptchaInterface.php
C:\xampp\htdocs\pssk2025\src\ChartExporter.php
C:\xampp\htdocs\pssk2025\src\ChartJsRenderer.php
C:\xampp\htdocs\pssk2025\src\ChartRendererInterface.php
C:\xampp\htdocs\pssk2025\src\ChartTypes.php
C:\xampp\htdocs\pssk2025\src\Cognito.php
C:\xampp\htdocs\pssk2025\src\ConfigurationEvent.php
C:\xampp\htdocs\pssk2025\src\ConnectionFactory.php
C:\xampp\htdocs\pssk2025\src\ContainerBuildEvent.php
C:\xampp\htdocs\pssk2025\src\ContainerBuiltEvent.php
C:\xampp\htdocs\pssk2025\src\CrosstabColumn.php
C:\xampp\htdocs\pssk2025\src\CrosstabTable.php
C:\xampp\htdocs\pssk2025\src\CspMiddleware.php
C:\xampp\htdocs\pssk2025\src\CsrfMiddleware.php
C:\xampp\htdocs\pssk2025\src\CustomLdapUserProvider.php
C:\xampp\htdocs\pssk2025\src\CustomUploadHandler.php
C:\xampp\htdocs\pssk2025\src\DataType.php
C:\xampp\htdocs\pssk2025\src\DatabaseConnectedEvent.php
C:\xampp\htdocs\pssk2025\src\DatabaseConnectingEvent.php
C:\xampp\htdocs\pssk2025\src\DbChart.php
C:\xampp\htdocs\pssk2025\src\DbField.php
C:\xampp\htdocs\pssk2025\src\DbFields.php
C:\xampp\htdocs\pssk2025\src\DbTable.php
C:\xampp\htdocs\pssk2025\src\DbTableBase.php
C:\xampp\htdocs\pssk2025\src\DebugStack.php
C:\xampp\htdocs\pssk2025\src\DoctrineCollector.php
C:\xampp\htdocs\pssk2025\src\Email.php
C:\xampp\htdocs\pssk2025\src\EmailTwoFactorAuthentication.php
C:\xampp\htdocs\pssk2025\src\EntityDescriptor.php
C:\xampp\htdocs\pssk2025\src\EntityManagerFactory.php
C:\xampp\htdocs\pssk2025\src\EntityUserProvider.php
C:\xampp\htdocs\pssk2025\src\Entity\Annex.php
C:\xampp\htdocs\pssk2025\src\Entity\Announcement.php
C:\xampp\htdocs\pssk2025\src\Entity\Beasiswa.php
C:\xampp\htdocs\pssk2025\src\Entity\CutiAkademik.php
C:\xampp\htdocs\pssk2025\src\Entity\DaftarMatakuliah.php
C:\xampp\htdocs\pssk2025\src\Entity\DetilMataKuliah.php
C:\xampp\htdocs\pssk2025\src\Entity\DetilSemesterAntara.php
C:\xampp\htdocs\pssk2025\src\Entity\DetilUjianTahapBersama.php
C:\xampp\htdocs\pssk2025\src\Entity\Dosen.php
C:\xampp\htdocs\pssk2025\src\Entity\Help.php
C:\xampp\htdocs\pssk2025\src\Entity\HelpCategory.php
C:\xampp\htdocs\pssk2025\src\Entity\KaryaIlmiah.php
C:\xampp\htdocs\pssk2025\src\Entity\Kemahasiswaan.php
C:\xampp\htdocs\pssk2025\src\Entity\KesehatanMahasiswa.php
C:\xampp\htdocs\pssk2025\src\Entity\Language.php
C:\xampp\htdocs\pssk2025\src\Entity\Mahasiswa.php
C:\xampp\htdocs\pssk2025\src\Entity\MataKuliah.php
C:\xampp\htdocs\pssk2025\src\Entity\Pembimbingan.php
C:\xampp\htdocs\pssk2025\src\Entity\Penyakit.php
C:\xampp\htdocs\pssk2025\src\Entity\SemesterAntara.php
C:\xampp\htdocs\pssk2025\src\Entity\Setting.php
C:\xampp\htdocs\pssk2025\src\Entity\TahunAkademik.php
C:\xampp\htdocs\pssk2025\src\Entity\Theuserprofile.php
C:\xampp\htdocs\pssk2025\src\Entity\UjianTahapBersama.php
C:\xampp\htdocs\pssk2025\src\Entity\User.php
C:\xampp\htdocs\pssk2025\src\Entity\Userlevel.php
C:\xampp\htdocs\pssk2025\src\Entity\Userlevelpermission.php
C:\xampp\htdocs\pssk2025\src\ExportCsv.php
C:\xampp\htdocs\pssk2025\src\ExportEmail.php
C:\xampp\htdocs\pssk2025\src\ExportExcel.php
C:\xampp\htdocs\pssk2025\src\ExportHandler.php
C:\xampp\htdocs\pssk2025\src\ExportHtml.php
C:\xampp\htdocs\pssk2025\src\ExportJson.php
C:\xampp\htdocs\pssk2025\src\ExportPdf.php
C:\xampp\htdocs\pssk2025\src\ExportPdfMasino.php
C:\xampp\htdocs\pssk2025\src\ExportPrint.php
C:\xampp\htdocs\pssk2025\src\ExportWord.php
C:\xampp\htdocs\pssk2025\src\ExportXml.php
C:\xampp\htdocs\pssk2025\src\FileUploadHandler.php
C:\xampp\htdocs\pssk2025\src\FileViewer.php
C:\xampp\htdocs\pssk2025\src\FirewallRequestMatcher.php
C:\xampp\htdocs\pssk2025\src\ForceLogoutUserAction.php
C:\xampp\htdocs\pssk2025\src\FormLogin1faAuthenticator.php
C:\xampp\htdocs\pssk2025\src\FormLogin2faAuthenticator.php
C:\xampp\htdocs\pssk2025\src\FormTrait.php
C:\xampp\htdocs\pssk2025\src\GeographyType.php
C:\xampp\htdocs\pssk2025\src\GeometryType.php
C:\xampp\htdocs\pssk2025\src\HierarchyIdType.php
C:\xampp\htdocs\pssk2025\src\HttpErrorHandler.php
C:\xampp\htdocs\pssk2025\src\HttpFoundationFactory.php
C:\xampp\htdocs\pssk2025\src\HttpKernel.php
C:\xampp\htdocs\pssk2025\src\HttpServiceUnavailableException.php
C:\xampp\htdocs\pssk2025\src\HttpUpload.php
C:\xampp\htdocs\pssk2025\src\HybridauthSessionStorage.php
C:\xampp\htdocs\pssk2025\src\JavascriptRenderer.php
C:\xampp\htdocs\pssk2025\src\JwtMiddleware.php
C:\xampp\htdocs\pssk2025\src\Language.php
C:\xampp\htdocs\pssk2025\src\LanguageLoadEvent.php
C:\xampp\htdocs\pssk2025\src\LegacyPasswordHasher.php
C:\xampp\htdocs\pssk2025\src\ListAction.php
C:\xampp\htdocs\pssk2025\src\ListActions.php
C:\xampp\htdocs\pssk2025\src\ListOption.php
C:\xampp\htdocs\pssk2025\src\ListOptions.php
C:\xampp\htdocs\pssk2025\src\ListOptionsCollection.php
C:\xampp\htdocs\pssk2025\src\LoginRateLimiter.php
C:\xampp\htdocs\pssk2025\src\LoginStatusEvent.php
C:\xampp\htdocs\pssk2025\src\LogoutSubscriber.php
C:\xampp\htdocs\pssk2025\src\Lookup.php
C:\xampp\htdocs\pssk2025\src\LookupTableInterface.php
C:\xampp\htdocs\pssk2025\src\MaintenanceMiddleware.php
C:\xampp\htdocs\pssk2025\src\Menu.php
C:\xampp\htdocs\pssk2025\src\MenuItem.php
C:\xampp\htdocs\pssk2025\src\MenuItemAddingEvent.php
C:\xampp\htdocs\pssk2025\src\MenuRenderedEvent.php
C:\xampp\htdocs\pssk2025\src\MenuRenderingEvent.php
C:\xampp\htdocs\pssk2025\src\MessagesTrait.php
C:\xampp\htdocs\pssk2025\src\MicrosoftEntraID.php
C:\xampp\htdocs\pssk2025\src\NumericPager.php
C:\xampp\htdocs\pssk2025\src\OptionValues.php
C:\xampp\htdocs\pssk2025\src\PageLoadingEvent.php
C:\xampp\htdocs\pssk2025\src\PageRenderingEvent.php
C:\xampp\htdocs\pssk2025\src\PageUnloadedEvent.php
C:\xampp\htdocs\pssk2025\src\Pager.php
C:\xampp\htdocs\pssk2025\src\PagerItem.php
C:\xampp\htdocs\pssk2025\src\PasswordHash.php
C:\xampp\htdocs\pssk2025\src\PermissionMiddleware.php
C:\xampp\htdocs\pssk2025\src\PhpCaptcha.php
C:\xampp\htdocs\pssk2025\src\PhpDebugBar.php
C:\xampp\htdocs\pssk2025\src\PhpDebugBarMiddleware.php
C:\xampp\htdocs\pssk2025\src\PhpEncryption.php
C:\xampp\htdocs\pssk2025\src\PhpHttpDriver.php
C:\xampp\htdocs\pssk2025\src\PhpMailerTransport.php
C:\xampp\htdocs\pssk2025\src\PhpMailerTransportFactory.php
C:\xampp\htdocs\pssk2025\src\PragmaRxTwoFactorAuthentication.php
C:\xampp\htdocs\pssk2025\src\PrevNextPager.php
C:\xampp\htdocs\pssk2025\src\ProfileStorage.php
C:\xampp\htdocs\pssk2025\src\PushNotification.php
C:\xampp\htdocs\pssk2025\src\RememberMeTokenProvider.php
C:\xampp\htdocs\pssk2025\src\ReportField.php
C:\xampp\htdocs\pssk2025\src\ReportTable.php
C:\xampp\htdocs\pssk2025\src\RequestDataCollector.php
C:\xampp\htdocs\pssk2025\src\RequestResponseStrategy.php
C:\xampp\htdocs\pssk2025\src\ResendRegisterEmailAction.php
C:\xampp\htdocs\pssk2025\src\ResetConcurrentUserAction.php
C:\xampp\htdocs\pssk2025\src\ResetLoginRetryAction.php
C:\xampp\htdocs\pssk2025\src\ResetUserSecretAction.php
C:\xampp\htdocs\pssk2025\src\RouteActionEvent.php
C:\xampp\htdocs\pssk2025\src\RouteAttributes.php
C:\xampp\htdocs\pssk2025\src\RowSummary.php
C:\xampp\htdocs\pssk2025\src\RowTotal.php
C:\xampp\htdocs\pssk2025\src\RowType.php
C:\xampp\htdocs\pssk2025\src\Saml2.php
C:\xampp\htdocs\pssk2025\src\SecurityContainerCompiledEvent.php
C:\xampp\htdocs\pssk2025\src\SecurityContainerCompilingEvent.php
C:\xampp\htdocs\pssk2025\src\SecurityContainerFactory.php
C:\xampp\htdocs\pssk2025\src\SecurityServiceLocator.php
C:\xampp\htdocs\pssk2025\src\SendLoginLinkAction.php
C:\xampp\htdocs\pssk2025\src\SendOneTimePasswordInterface.php
C:\xampp\htdocs\pssk2025\src\ServicesConfigurationEvent.php
C:\xampp\htdocs\pssk2025\src\SessionHandler.php
C:\xampp\htdocs\pssk2025\src\SessionMiddleware.php
C:\xampp\htdocs\pssk2025\src\SetPasswordExpiredAction.php
C:\xampp\htdocs\pssk2025\src\SmsTwoFactorAuthentication.php
C:\xampp\htdocs\pssk2025\src\SsoStateSessionStore.php
C:\xampp\htdocs\pssk2025\src\SubPage.php
C:\xampp\htdocs\pssk2025\src\SubPages.php
C:\xampp\htdocs\pssk2025\src\SummaryField.php
C:\xampp\htdocs\pssk2025\src\SwitchUserAction.php
C:\xampp\htdocs\pssk2025\src\SwitchUserVoter.php
C:\xampp\htdocs\pssk2025\src\SymfonyMailCollector.php
C:\xampp\htdocs\pssk2025\src\TwoFactorAuthenticatedToken.php
C:\xampp\htdocs\pssk2025\src\TwoFactorAuthenticatingToken.php
C:\xampp\htdocs\pssk2025\src\TwoFactorAuthenticationInterface.php
C:\xampp\htdocs\pssk2025\src\UploadHandler.php
C:\xampp\htdocs\pssk2025\src\UrlGenerator.php
C:\xampp\htdocs\pssk2025\src\UserActivatedException.php
C:\xampp\htdocs\pssk2025\src\UserChecker.php
C:\xampp\htdocs\pssk2025\src\UserProfile.php
C:\xampp\htdocs\pssk2025\src\UserRepository.php
C:\xampp\htdocs\pssk2025\src\WindowsUser.php
C:\xampp\htdocs\pssk2025\src\WindowsUserProvider.php
C:\xampp\htdocs\pssk2025\src\XmlDocument.php
C:\xampp\htdocs\pssk2025\src\apiroutes.php
C:\xampp\htdocs\pssk2025\src\config.development.php
C:\xampp\htdocs\pssk2025\src\config.php
C:\xampp\htdocs\pssk2025\src\config.production.php
C:\xampp\htdocs\pssk2025\src\config.security.php
C:\xampp\htdocs\pssk2025\src\constants.php
C:\xampp\htdocs\pssk2025\src\definitions.php
C:\xampp\htdocs\pssk2025\src\lock.php
C:\xampp\htdocs\pssk2025\src\phpfn.php
C:\xampp\htdocs\pssk2025\src\routes.php
C:\xampp\htdocs\pssk2025\src\security.php
C:\xampp\htdocs\pssk2025\src\services.php
C:\xampp\htdocs\pssk2025\src\userfn.php
C:\xampp\htdocs\pssk2025\src\userlevelsettings.php
C:\xampp\htdocs\pssk2025\views\AnnexAdd.php
C:\xampp\htdocs\pssk2025\views\AnnexDelete.php
C:\xampp\htdocs\pssk2025\views\AnnexEdit.php
C:\xampp\htdocs\pssk2025\views\AnnexList.php
C:\xampp\htdocs\pssk2025\views\AnnexView.php
C:\xampp\htdocs\pssk2025\views\AnnouncementAdd.php
C:\xampp\htdocs\pssk2025\views\AnnouncementDelete.php
C:\xampp\htdocs\pssk2025\views\AnnouncementEdit.php
C:\xampp\htdocs\pssk2025\views\AnnouncementList.php
C:\xampp\htdocs\pssk2025\views\AnnouncementView.php
C:\xampp\htdocs\pssk2025\views\BeasiswaAdd.php
C:\xampp\htdocs\pssk2025\views\BeasiswaDelete.php
C:\xampp\htdocs\pssk2025\views\BeasiswaEdit.php
C:\xampp\htdocs\pssk2025\views\BeasiswaList.php
C:\xampp\htdocs\pssk2025\views\BeasiswaView.php
C:\xampp\htdocs\pssk2025\views\Breadcrumblinksaddsp.php
C:\xampp\htdocs\pssk2025\views\Breadcrumblinkschecksp.php
C:\xampp\htdocs\pssk2025\views\Breadcrumblinksdeletesp.php
C:\xampp\htdocs\pssk2025\views\Breadcrumblinksmovesp.php
C:\xampp\htdocs\pssk2025\views\ChangePassword.php
C:\xampp\htdocs\pssk2025\views\CutiAkademikAdd.php
C:\xampp\htdocs\pssk2025\views\CutiAkademikDelete.php
C:\xampp\htdocs\pssk2025\views\CutiAkademikEdit.php
C:\xampp\htdocs\pssk2025\views\CutiAkademikList.php
C:\xampp\htdocs\pssk2025\views\CutiAkademikView.php
C:\xampp\htdocs\pssk2025\views\DaftarMatakuliahAdd.php
C:\xampp\htdocs\pssk2025\views\DaftarMatakuliahDelete.php
C:\xampp\htdocs\pssk2025\views\DaftarMatakuliahEdit.php
C:\xampp\htdocs\pssk2025\views\DaftarMatakuliahList.php
C:\xampp\htdocs\pssk2025\views\DaftarMatakuliahView.php
C:\xampp\htdocs\pssk2025\views\Dashboard2.php
C:\xampp\htdocs\pssk2025\views\DetilMataKuliahAdd.php
C:\xampp\htdocs\pssk2025\views\DetilMataKuliahDelete.php
C:\xampp\htdocs\pssk2025\views\DetilMataKuliahEdit.php
C:\xampp\htdocs\pssk2025\views\DetilMataKuliahGrid.php
C:\xampp\htdocs\pssk2025\views\DetilMataKuliahList.php
C:\xampp\htdocs\pssk2025\views\DetilMataKuliahPreview.php
C:\xampp\htdocs\pssk2025\views\DetilMataKuliahView.php
C:\xampp\htdocs\pssk2025\views\DetilSemesterAntaraAdd.php
C:\xampp\htdocs\pssk2025\views\DetilSemesterAntaraDelete.php
C:\xampp\htdocs\pssk2025\views\DetilSemesterAntaraEdit.php
C:\xampp\htdocs\pssk2025\views\DetilSemesterAntaraGrid.php
C:\xampp\htdocs\pssk2025\views\DetilSemesterAntaraList.php
C:\xampp\htdocs\pssk2025\views\DetilSemesterAntaraPreview.php
C:\xampp\htdocs\pssk2025\views\DetilSemesterAntaraView.php
C:\xampp\htdocs\pssk2025\views\DetilUjianTahapBersamaAdd.php
C:\xampp\htdocs\pssk2025\views\DetilUjianTahapBersamaDelete.php
C:\xampp\htdocs\pssk2025\views\DetilUjianTahapBersamaEdit.php
C:\xampp\htdocs\pssk2025\views\DetilUjianTahapBersamaGrid.php
C:\xampp\htdocs\pssk2025\views\DetilUjianTahapBersamaList.php
C:\xampp\htdocs\pssk2025\views\DetilUjianTahapBersamaPreview.php
C:\xampp\htdocs\pssk2025\views\DetilUjianTahapBersamaView.php
C:\xampp\htdocs\pssk2025\views\DosenAdd.php
C:\xampp\htdocs\pssk2025\views\DosenDelete.php
C:\xampp\htdocs\pssk2025\views\DosenEdit.php
C:\xampp\htdocs\pssk2025\views\DosenList.php
C:\xampp\htdocs\pssk2025\views\DosenView.php
C:\xampp\htdocs\pssk2025\views\Error.php
C:\xampp\htdocs\pssk2025\views\HelpAdd.php
C:\xampp\htdocs\pssk2025\views\HelpCategoriesAdd.php
C:\xampp\htdocs\pssk2025\views\HelpCategoriesDelete.php
C:\xampp\htdocs\pssk2025\views\HelpCategoriesEdit.php
C:\xampp\htdocs\pssk2025\views\HelpCategoriesList.php
C:\xampp\htdocs\pssk2025\views\HelpCategoriesMaster.php
C:\xampp\htdocs\pssk2025\views\HelpCategoriesView.php
C:\xampp\htdocs\pssk2025\views\HelpDelete.php
C:\xampp\htdocs\pssk2025\views\HelpEdit.php
C:\xampp\htdocs\pssk2025\views\HelpGrid.php
C:\xampp\htdocs\pssk2025\views\HelpList.php
C:\xampp\htdocs\pssk2025\views\HelpPreview.php
C:\xampp\htdocs\pssk2025\views\HelpView.php
C:\xampp\htdocs\pssk2025\views\Home.php
C:\xampp\htdocs\pssk2025\views\KaryaIlmiahAdd.php
C:\xampp\htdocs\pssk2025\views\KaryaIlmiahDelete.php
C:\xampp\htdocs\pssk2025\views\KaryaIlmiahEdit.php
C:\xampp\htdocs\pssk2025\views\KaryaIlmiahList.php
C:\xampp\htdocs\pssk2025\views\KaryaIlmiahView.php
C:\xampp\htdocs\pssk2025\views\KemahasiswaanAdd.php
C:\xampp\htdocs\pssk2025\views\KemahasiswaanDelete.php
C:\xampp\htdocs\pssk2025\views\KemahasiswaanEdit.php
C:\xampp\htdocs\pssk2025\views\KemahasiswaanList.php
C:\xampp\htdocs\pssk2025\views\KemahasiswaanView.php
C:\xampp\htdocs\pssk2025\views\KesehatanMahasiswaAdd.php
C:\xampp\htdocs\pssk2025\views\KesehatanMahasiswaDelete.php
C:\xampp\htdocs\pssk2025\views\KesehatanMahasiswaEdit.php
C:\xampp\htdocs\pssk2025\views\KesehatanMahasiswaList.php
C:\xampp\htdocs\pssk2025\views\KesehatanMahasiswaView.php
C:\xampp\htdocs\pssk2025\views\LanguagesAdd.php
C:\xampp\htdocs\pssk2025\views\LanguagesDelete.php
C:\xampp\htdocs\pssk2025\views\LanguagesEdit.php
C:\xampp\htdocs\pssk2025\views\LanguagesList.php
C:\xampp\htdocs\pssk2025\views\LanguagesView.php
C:\xampp\htdocs\pssk2025\views\Loadaboutus.php
C:\xampp\htdocs\pssk2025\views\Loadhelponline.php
C:\xampp\htdocs\pssk2025\views\Loadtermsconditions.php
C:\xampp\htdocs\pssk2025\views\Login.php
C:\xampp\htdocs\pssk2025\views\MahasiswaAdd.php
C:\xampp\htdocs\pssk2025\views\MahasiswaDelete.php
C:\xampp\htdocs\pssk2025\views\MahasiswaEdit.php
C:\xampp\htdocs\pssk2025\views\MahasiswaList.php
C:\xampp\htdocs\pssk2025\views\MahasiswaView.php
C:\xampp\htdocs\pssk2025\views\MataKuliahAdd.php
C:\xampp\htdocs\pssk2025\views\MataKuliahDelete.php
C:\xampp\htdocs\pssk2025\views\MataKuliahEdit.php
C:\xampp\htdocs\pssk2025\views\MataKuliahList.php
C:\xampp\htdocs\pssk2025\views\MataKuliahMaster.php
C:\xampp\htdocs\pssk2025\views\MataKuliahView.php
C:\xampp\htdocs\pssk2025\views\PembimbinganAdd.php
C:\xampp\htdocs\pssk2025\views\PembimbinganDelete.php
C:\xampp\htdocs\pssk2025\views\PembimbinganEdit.php
C:\xampp\htdocs\pssk2025\views\PembimbinganList.php
C:\xampp\htdocs\pssk2025\views\PembimbinganView.php
C:\xampp\htdocs\pssk2025\views\PenyakitAdd.php
C:\xampp\htdocs\pssk2025\views\PenyakitDelete.php
C:\xampp\htdocs\pssk2025\views\PenyakitEdit.php
C:\xampp\htdocs\pssk2025\views\PenyakitList.php
C:\xampp\htdocs\pssk2025\views\PenyakitView.php
C:\xampp\htdocs\pssk2025\views\PersonalData.php
C:\xampp\htdocs\pssk2025\views\Printtermsconditions.php
C:\xampp\htdocs\pssk2025\views\ResetPassword.php
C:\xampp\htdocs\pssk2025\views\SemesterAntaraAdd.php
C:\xampp\htdocs\pssk2025\views\SemesterAntaraDelete.php
C:\xampp\htdocs\pssk2025\views\SemesterAntaraEdit.php
C:\xampp\htdocs\pssk2025\views\SemesterAntaraList.php
C:\xampp\htdocs\pssk2025\views\SemesterAntaraMaster.php
C:\xampp\htdocs\pssk2025\views\SemesterAntaraView.php
C:\xampp\htdocs\pssk2025\views\SettingsAdd.php
C:\xampp\htdocs\pssk2025\views\SettingsDelete.php
C:\xampp\htdocs\pssk2025\views\SettingsEdit.php
C:\xampp\htdocs\pssk2025\views\SettingsList.php
C:\xampp\htdocs\pssk2025\views\SettingsView.php
C:\xampp\htdocs\pssk2025\views\TahunAkademikAdd.php
C:\xampp\htdocs\pssk2025\views\TahunAkademikDelete.php
C:\xampp\htdocs\pssk2025\views\TahunAkademikEdit.php
C:\xampp\htdocs\pssk2025\views\TahunAkademikList.php
C:\xampp\htdocs\pssk2025\views\TahunAkademikView.php
C:\xampp\htdocs\pssk2025\views\TheuserprofileAdd.php
C:\xampp\htdocs\pssk2025\views\TheuserprofileDelete.php
C:\xampp\htdocs\pssk2025\views\TheuserprofileEdit.php
C:\xampp\htdocs\pssk2025\views\TheuserprofileList.php
C:\xampp\htdocs\pssk2025\views\TheuserprofileSearch.php
C:\xampp\htdocs\pssk2025\views\TheuserprofileView.php
C:\xampp\htdocs\pssk2025\views\UjianTahapBersamaAdd.php
C:\xampp\htdocs\pssk2025\views\UjianTahapBersamaDelete.php
C:\xampp\htdocs\pssk2025\views\UjianTahapBersamaEdit.php
C:\xampp\htdocs\pssk2025\views\UjianTahapBersamaList.php
C:\xampp\htdocs\pssk2025\views\UjianTahapBersamaMaster.php
C:\xampp\htdocs\pssk2025\views\UjianTahapBersamaView.php
C:\xampp\htdocs\pssk2025\views\UserlevelpermissionsAdd.php
C:\xampp\htdocs\pssk2025\views\UserlevelpermissionsDelete.php
C:\xampp\htdocs\pssk2025\views\UserlevelpermissionsEdit.php
C:\xampp\htdocs\pssk2025\views\UserlevelpermissionsList.php
C:\xampp\htdocs\pssk2025\views\UserlevelpermissionsView.php
C:\xampp\htdocs\pssk2025\views\UserlevelsAdd.php
C:\xampp\htdocs\pssk2025\views\UserlevelsDelete.php
C:\xampp\htdocs\pssk2025\views\UserlevelsEdit.php
C:\xampp\htdocs\pssk2025\views\UserlevelsList.php
C:\xampp\htdocs\pssk2025\views\UserlevelsMaster.php
C:\xampp\htdocs\pssk2025\views\UserlevelsView.php
C:\xampp\htdocs\pssk2025\views\Userpriv.php
C:\xampp\htdocs\pssk2025\views\UsersAdd.php
C:\xampp\htdocs\pssk2025\views\UsersDelete.php
C:\xampp\htdocs\pssk2025\views\UsersEdit.php
C:\xampp\htdocs\pssk2025\views\UsersGrid.php
C:\xampp\htdocs\pssk2025\views\UsersList.php
C:\xampp\htdocs\pssk2025\views\UsersPreview.php
C:\xampp\htdocs\pssk2025\views\UsersSearch.php
C:\xampp\htdocs\pssk2025\views\UsersView.php
C:\xampp\htdocs\pssk2025\views\email.php
C:\xampp\htdocs\pssk2025\views\layout.php
C:\xampp\htdocs\pssk2025\views\menu.php
C:\xampp\htdocs\pssk2025\views\swagger.php
C:\xampp\htdocs\pssk2025\web.config